<?xml version="1.0" encoding="UTF-8"?>
<testsuite xmlns:xsi="http://www.w3.org/2001/XMLSchema-instance" xsi:noNamespaceSchemaLocation="https://maven.apache.org/surefire/maven-surefire-plugin/xsd/surefire-test-report-3.0.xsd" version="3.0" name="com.esporte.appium.FeatureLogin" time="38.008" tests="2" errors="1" skipped="0" failures="0">
  <properties>
[...]
</properties>
  <testcase name="deveFazerLoginComCredenciaisValidas" classname="com.esporte.appium.FeatureLogin" time="20.948">
    <error type="java.lang.NullPointerException"><![CDATA[java.lang.NullPointerException
	at com.esporte.appium.FeatureLogin.deveFazerLoginComCredenciaisValidas(FeatureLogin.java:30)
]]></error>
  </testcase>
  <testcase name="naoDeveFazerLoginComCredenciaisInvalidas" classname="com.esporte.appium.FeatureLogin" time="17.047"/>
</testsuite>